C51 COMPILER V9.00   BUTTONGAME                                                            05/17/2019 23:31:25 PAGE 1   


C51 COMPILER V9.00, COMPILATION OF MODULE BUTTONGAME
OBJECT MODULE PLACED IN BUTTONGAME.OBJ
COMPILER INVOKED BY: D:\KEILC 4\C51\BIN\C51.EXE BUTTONGAME.c BROWSE DEBUG OBJECTEXTEND

line level    source

   1          #include "reg51.h"
   2          
   3          sbit LED = 0x90;
   4          unsigned int i;
   5          void delay(unsigned int );
   6          void main(void)
   7          {
   8   1          for(i = 0; i < 3; i++)
   9   1          {
  10   2              LED = 0x00;
  11   2              delay(100000);
  12   2              LED = 0xFF;
  13   2              delay(100000);
  14   2          }
  15   1      
  16   1          while (1)
  17   1          {
  18   2      
  19   2              P0=0x80;    //10001000
  20   2          }
  21   1      }
  22          
  23          void delay(unsigned int count)
  24          {
  25   1          unsigned int j;
  26   1          for(j = 0; j < count; j++);
  27   1      }


MODULE INFORMATION:   STATIC OVERLAYABLE
   CODE SIZE        =     63    ----
   CONSTANT SIZE    =   ----    ----
   XDATA SIZE       =   ----    ----
   PDATA SIZE       =   ----    ----
   DATA SIZE        =      2    ----
   IDATA SIZE       =   ----    ----
   BIT SIZE         =   ----    ----
END OF MODULE INFORMATION.


C51 COMPILATION COMPLETE.  0 WARNING(S),  0 ERROR(S)
