C51 COMPILER V9.00   MAIN                                                                  05/13/2019 21:33:25 PAGE 1   


C51 COMPILER V9.00, COMPILATION OF MODULE MAIN
OBJECT MODULE PLACED IN main.OBJ
COMPILER INVOKED BY: D:\KEILC 4\C51\BIN\C51.EXE main.c BROWSE DEBUG OBJECTEXTEND CODE

line level    source

   1          #include "reg51.h"
   2          
   3          sbit LED=0x90;
   4          unsigned int j;
   5          void main()
   6          { 
   7   1          void delay(unsigned int);
   8   1          for(j = 0; j < 3; j++)
   9   1          {
  10   2              LED=0xFF;
  11   2              delay(100000);
  12   2              LED=0x00;
  13   2              delay(100000);
  14   2          }
  15   1              while(1)
  16   1              {
  17   2              P0=0xFF;
  18   2              P1=0xFF;
  19   2              P2=0xFF;
  20   2              delay(100000);
  21   2              P0=0x00;
  22   2              P1=0x00;
  23   2              P2=0x00;
  24   2              delay(100000);
  25   2              }
  26   1      }
  27          
  28          void delay(unsigned int t)
  29          {
  30   1          unsigned int i;
  31   1          for(i=0; i<t; i++);
  32   1      }
C51 COMPILER V9.00   MAIN                                                                  05/13/2019 21:33:25 PAGE 2   

ASSEMBLY LISTING OF GENERATED OBJECT CODE


             ; FUNCTION main (BEGIN)
                                           ; SOURCE LINE # 5
                                           ; SOURCE LINE # 6
                                           ; SOURCE LINE # 8
0000 E4                CLR     A
0001 F500        R     MOV     j,A
0003 F500        R     MOV     j+01H,A
0005         ?C0001:
                                           ; SOURCE LINE # 9
                                           ; SOURCE LINE # 10
0005 D290              SETB    LED
                                           ; SOURCE LINE # 11
0007 120000      R     LCALL   L?0013
                                           ; SOURCE LINE # 12
000A C290              CLR     LED
                                           ; SOURCE LINE # 13
000C 120000      R     LCALL   L?0013
                                           ; SOURCE LINE # 14
000F 0500        R     INC     j+01H
0011 E500        R     MOV     A,j+01H
0013 7002              JNZ     ?C0011
0015 0500        R     INC     j
0017         ?C0011:
0017 C3                CLR     C
0018 9403              SUBB    A,#03H
001A E500        R     MOV     A,j
001C 9400              SUBB    A,#00H
001E 40E5              JC      ?C0001
0020         ?C0004:
                                           ; SOURCE LINE # 15
                                           ; SOURCE LINE # 16
                                           ; SOURCE LINE # 17
0020 7580FF            MOV     P0,#0FFH
                                           ; SOURCE LINE # 18
0023 7590FF            MOV     P1,#0FFH
                                           ; SOURCE LINE # 19
0026 75A0FF            MOV     P2,#0FFH
                                           ; SOURCE LINE # 20
0029 120000      R     LCALL   L?0014
                                           ; SOURCE LINE # 21
002C E4                CLR     A
002D F580              MOV     P0,A
                                           ; SOURCE LINE # 22
002F F590              MOV     P1,A
                                           ; SOURCE LINE # 23
0031 F5A0              MOV     P2,A
                                           ; SOURCE LINE # 24
0033 120000      R     LCALL   L?0014
                                           ; SOURCE LINE # 25
0036 80E8              SJMP    ?C0004
             ; FUNCTION main (END)

             ; FUNCTION L?0013 (BEGIN)
0000         L?0014:
0000 7FA0              MOV     R7,#0A0H
0002 7E86              MOV     R6,#086H
             ; FUNCTION _delay (BEGIN)
                                           ; SOURCE LINE # 28
;---- Variable 't' assigned to Register 'R6/R7' ----
C51 COMPILER V9.00   MAIN                                                                  05/13/2019 21:33:25 PAGE 3   

                                           ; SOURCE LINE # 29
                                           ; SOURCE LINE # 31
;---- Variable 'i' assigned to Register 'R4/R5' ----
0004 E4                CLR     A
0005 FD                MOV     R5,A
0006 FC                MOV     R4,A
0007         ?C0007:
0007 C3                CLR     C
0008 ED                MOV     A,R5
0009 9F                SUBB    A,R7
000A EC                MOV     A,R4
000B 9E                SUBB    A,R6
000C 5007              JNC     ?C0010
000E 0D                INC     R5
000F BD0001            CJNE    R5,#00H,?C0012
0012 0C                INC     R4
0013         ?C0012:
0013 80F2              SJMP    ?C0007
                                           ; SOURCE LINE # 32
0015         ?C0010:
0015 22                RET     
             ; FUNCTION _delay (END)



MODULE INFORMATION:   STATIC OVERLAYABLE
   CODE SIZE        =     78    ----
   CONSTANT SIZE    =   ----    ----
   XDATA SIZE       =   ----    ----
   PDATA SIZE       =   ----    ----
   DATA SIZE        =      2    ----
   IDATA SIZE       =   ----    ----
   BIT SIZE         =   ----    ----
END OF MODULE INFORMATION.


C51 COMPILATION COMPLETE.  0 WARNING(S),  0 ERROR(S)
