C51 COMPILER V9.00   MAIN                                                                  04/02/2019 11:23:27 PAGE 1   


C51 COMPILER V9.00, COMPILATION OF MODULE MAIN
OBJECT MODULE PLACED IN main.OBJ
COMPILER INVOKED BY: D:\KEILC 4\C51\BIN\C51.EXE main.c BROWSE DEBUG OBJECTEXTEND CODE

line level    source

   1          #include "reg51.h"
   2          
   3          sbit LED=0x80;
   4          
   5          
   6          void main()
   7          { 
   8   1          void delay(unsigned int);
   9   1              while(1)
  10   1              {
  11   2              LED=0xFF;
  12   2              delay(10000);
  13   2              LED=0x00;
  14   2              delay(10000);
  15   2              }
  16   1      }
  17          
  18          void delay(unsigned int s)
  19          {
  20   1          unsigned int i;
  21   1          for(i=0; i<s; i++);
  22   1      }
C51 COMPILER V9.00   MAIN                                                                  04/02/2019 11:23:27 PAGE 2   

ASSEMBLY LISTING OF GENERATED OBJECT CODE


             ; FUNCTION main (BEGIN)
                                           ; SOURCE LINE # 6
                                           ; SOURCE LINE # 7
0000         ?C0001:
                                           ; SOURCE LINE # 9
                                           ; SOURCE LINE # 10
                                           ; SOURCE LINE # 11
0000 D280              SETB    LED
                                           ; SOURCE LINE # 12
0002 7F10              MOV     R7,#010H
0004 7E27              MOV     R6,#027H
0006 120000      R     LCALL   _delay
                                           ; SOURCE LINE # 13
0009 C280              CLR     LED
                                           ; SOURCE LINE # 14
000B 7F10              MOV     R7,#010H
000D 7E27              MOV     R6,#027H
000F 120000      R     LCALL   _delay
                                           ; SOURCE LINE # 15
0012 80EC              SJMP    ?C0001
             ; FUNCTION main (END)

             ; FUNCTION _delay (BEGIN)
                                           ; SOURCE LINE # 18
;---- Variable 's' assigned to Register 'R6/R7' ----
                                           ; SOURCE LINE # 19
                                           ; SOURCE LINE # 21
;---- Variable 'i' assigned to Register 'R4/R5' ----
0000 E4                CLR     A
0001 FD                MOV     R5,A
0002 FC                MOV     R4,A
0003         ?C0004:
0003 C3                CLR     C
0004 ED                MOV     A,R5
0005 9F                SUBB    A,R7
0006 EC                MOV     A,R4
0007 9E                SUBB    A,R6
0008 5007              JNC     ?C0007
000A 0D                INC     R5
000B BD0001            CJNE    R5,#00H,?C0008
000E 0C                INC     R4
000F         ?C0008:
000F 80F2              SJMP    ?C0004
                                           ; SOURCE LINE # 22
0011         ?C0007:
0011 22                RET     
             ; FUNCTION _delay (END)



MODULE INFORMATION:   STATIC OVERLAYABLE
   CODE SIZE        =     38    ----
   CONSTANT SIZE    =   ----    ----
   XDATA SIZE       =   ----    ----
   PDATA SIZE       =   ----    ----
   DATA SIZE        =   ----    ----
   IDATA SIZE       =   ----    ----
   BIT SIZE         =   ----    ----
END OF MODULE INFORMATION.

C51 COMPILER V9.00   MAIN                                                                  04/02/2019 11:23:27 PAGE 3   


C51 COMPILATION COMPLETE.  0 WARNING(S),  0 ERROR(S)
