C51 COMPILER V9.00   ARRAYLED                                                              05/18/2019 00:16:32 PAGE 1   


C51 COMPILER V9.00, COMPILATION OF MODULE ARRAYLED
OBJECT MODULE PLACED IN ARRAYLED.OBJ
COMPILER INVOKED BY: D:\KEILC 4\C51\BIN\C51.EXE ARRAYLED.c BROWSE DEBUG OBJECTEXTEND

line level    source

   1          #include "reg51.h"
   2          #define max() {X > Y ? X : Y}
   3          sbit LED = 0x90;
   4          unsigned int j;
   5          unsigned int ALED[3][3] = 
   6          {{0x78, 0x74, 0x72},
   7          {0xB8, 0xB4, 0xB2},
   8          {0xD8, 0xD4, 0xD2}};
   9          main()
  10          {
  11   1         
  12   1          void delay(unsigned int);
  13   1          for(j = 0; j < 3; j++)
  14   1          {
  15   2              LED = 0x00;
  16   2              delay(100000);
  17   2              LED = 0xff;
  18   2              delay(100000);
  19   2          }
  20   1          while(1)
  21   1          {
  22   2              P2 = 0xff;
  23   2              delay(100000);
  24   2              P2 = 0xB8;
  25   2              delay(100000);
  26   2      
  27   2          }
  28   1      }
  29          
  30          void delay(unsigned int count)
  31          {
  32   1          unsigned int i;
  33   1          for(i = 0; i < count; i++);
  34   1      }


MODULE INFORMATION:   STATIC OVERLAYABLE
   CODE SIZE        =     68    ----
   CONSTANT SIZE    =   ----    ----
   XDATA SIZE       =   ----    ----
   PDATA SIZE       =   ----    ----
   DATA SIZE        =     20    ----
   IDATA SIZE       =   ----    ----
   BIT SIZE         =   ----    ----
END OF MODULE INFORMATION.


C51 COMPILATION COMPLETE.  0 WARNING(S),  0 ERROR(S)
