C51 COMPILER V9.00   BUTTON                                                                05/10/2019 17:52:43 PAGE 1   


C51 COMPILER V9.00, COMPILATION OF MODULE BUTTON
OBJECT MODULE PLACED IN BUTTON.OBJ
COMPILER INVOKED BY: D:\KEILC 4\C51\BIN\C51.EXE BUTTON.c BROWSE DEBUG OBJECTEXTEND

line level    source

   1          #include <reg52.h>
   2          
   3          #define GPIO_7SEG P0   //7SEG
   4          #define GPIO_KEY P2   //矩陣按鍵
   5          sbit LED = 0x90;
   6          unsigned char key;
   7          unsigned char j;
   8          unsigned char seg[16] = {0xC0, 0xF9, 0xA4, 0xB0, 
   9                                   0x99, 0x92, 0x82,
  10                                   0xF8, 0x80, 0x90};
  11          main ()
  12          {
  13   1          void key_down(void);
  14   1          void delay( unsigned int);
  15   1          
  16   1          for(j = 0; j < 2; j++)
  17   1          {
  18   2              LED = 0x00;
  19   2              delay(10000);
  20   2              LED = 0xff;
  21   2              delay(10000);
  22   2          }
  23   1          for(j = 0; j < 10; j++)
  24   1          {
  25   2              GPIO_7SEG = seg[j];
  26   2              delay(10000);
  27   2      
  28   2          }
  29   1          GPIO_7SEG = 0xC0;
  30   1          while( 1 ) 
  31   1          {
  32   2              key_down(); 
  33   2          }
  34   1      }
  35          
  36          void delay( unsigned int count ){
  37   1          unsigned int i;
  38   1          for(i = 0; i < count; i++);
  39   1      }
  40          
  41          void key_down()
  42          {
  43   1          unsigned char count = 0;
  44   1          //H
  45   1          GPIO_KEY = 0x0F;
  46   1          if( GPIO_KEY != 0x0F )
  47   1          { 
  48   2              delay( 1110 );
  49   2              if( GPIO_KEY != 0x0F )
  50   2              {
  51   3                  switch( GPIO_KEY ){
  52   4                      case 0x07:
  53   4                          key = 1;
  54   4                          break;
  55   4                      case 0x0B:
C51 COMPILER V9.00   BUTTON                                                                05/10/2019 17:52:43 PAGE 2   

  56   4                          key = 2;
  57   4                          break;
  58   4                      case 0x0D:
  59   4                          key = 3;
  60   4                          break;
  61   4                  }
  62   3                  //L
  63   3                  GPIO_KEY = 0xF0;
  64   3                  switch( GPIO_KEY ){
  65   4                      case 0x70:
  66   4                          key = key;
  67   4                          break;
  68   4                      case 0xB0:
  69   4                          key = key + 3;
  70   4                          break;
  71   4                      case 0xD0:
  72   4                          key = key + 6;
  73   4                          break;
  74   4                  }
  75   3      
  76   3                  GPIO_7SEG = seg[key];
  77   3      
  78   3                  //如果一直按下按鍵，等待500ms，強制退出
  79   3                  while( ( count < 50 ) && ( GPIO_KEY != 0xF0 ) ) {
  80   4                      count++;
  81   4                  }
  82   3              }
  83   2          }
  84   1      }


MODULE INFORMATION:   STATIC OVERLAYABLE
   CODE SIZE        =    187    ----
   CONSTANT SIZE    =   ----    ----
   XDATA SIZE       =   ----    ----
   PDATA SIZE       =   ----    ----
   DATA SIZE        =     18       1
   IDATA SIZE       =   ----    ----
   BIT SIZE         =   ----    ----
END OF MODULE INFORMATION.


C51 COMPILATION COMPLETE.  0 WARNING(S),  0 ERROR(S)
