C51 COMPILER V9.00   AUTOCARII                                                             05/18/2019 13:16:25 PAGE 1   


C51 COMPILER V9.00, COMPILATION OF MODULE AUTOCARII
OBJECT MODULE PLACED IN AUTOCARII.OBJ
COMPILER INVOKED BY: D:\KEILC 4\C51\BIN\C51.EXE AUTOCARII.c BROWSE DEBUG OBJECTEXTEND

line level    source

   1          #include "reg51.h"
   2          sbit LED=P1^7;
   3          sbit trig=P3^5;
   4          sbit echo=P3^2;
   5          
   6          unsigned int cms;
   7          unsigned char j;
   8          unsigned char AUTO;
   9          unsigned char SBUFTMP;
  10          unsigned char MYCHAR, TMPCHAR;
  11          unsigned char seg[10] =
  12          {
  13              0xC0, 0xf9, 0xa4, 0xb0, 0x99,
  14              0x92, 0x82, 0xf8, 0x80, 0x90
  15          };
  16          unsigned char buf[4] = {0, 0, 0, 0};
  17          void convert(unsigned int);
  18          void display(unsigned char );
  19          void delayz(unsigned int);
  20          void delay(unsigned int);
  21          void send_pulse(void);
  22          unsigned int get_range(void);
  23          void updata(void);
  24          void main(void)
  25          {
  26   1          //ready
  27   1          for(j = 0 ; j < 3; j++)
  28   1          {
  29   2              LED=0x00;
  30   2              delay(10000);
  31   2              LED=0xFF;
  32   2              delay(10000);
  33   2          }
  34   1          
  35   1          IE = 0x90;
  36   1      
  37   1          TMOD=0x29;      //0010open timer1 and timer0 in 16 bit mode with gate enable
  38   1          SCON=0x50;      //01010000
  39   1          PCON=0x00;
  40   1          AUTO=0xFF;      //set NOT AUTO
  41   1          TH1=0xFD;       //253
  42   1          
  43   1          TR1=1;          //open timer 1
  44   1      
  45   1          while(1)
  46   1          {  
  47   2              get_range();    //get cms
  48   2              delayz(2);
  49   2              if(AUTO==0x00)
  50   2              {
  51   3                              if (cms > 20)  //>20cms go go
  52   3                              {
  53   4                                      P1 = 0x0A; // Forward run #00001010
  54   4                              }
  55   3                              else
C51 COMPILER V9.00   AUTOCARII                                                             05/18/2019 13:16:25 PAGE 2   

  56   3                              {
  57   4                      P1 = 0x00; // motor stop
  58   4                      delay(8333);
  59   4                                      P1 = 0x06; // motor turn left #00000110
  60   4                                      delay(8333);
  61   4                              }
  62   3              }
  63   2          }
  64   1      }
  65          
  66          void SCON_int(void) interrupt 4
  67          {
  68   1          if(RI==1)      //wait ri
  69   1          {
  70   2              RI = 0;
  71   2              MYCHAR = SBUF;
  72   2              /*
  73   2              LED=0x00;
  74   2              delay(1000);
  75   2              LED=0xFF;
  76   2              delay(1000);
  77   2              */
  78   2          }
  79   1          //car order
  80   1          if(MYCHAR == 'E')
  81   1          {
  82   2              //open auto
  83   2              AUTO= 0x00;
  84   2          }
  85   1          else if(MYCHAR == 'F')
  86   1          {
  87   2              //close auto
  88   2              AUTO= 0xFF;
  89   2              P0=0x00;
  90   2          }
  91   1          else if(AUTO==0xFF)
  92   1          {
  93   2              if(MYCHAR == 'W')
  94   2              {
  95   3                  P1 = 0x0A; // motor forward, #00001010B
  96   3              }
  97   2              else if(MYCHAR == 'A')
  98   2              {
  99   3                  P1 = 0x06; // motor left,    #00000110B
 100   3              }
 101   2              else if(MYCHAR == 'S')
 102   2              {
 103   3                  P1 = 0x05; // motor back,    #00000101B
 104   3              }
 105   2              else if(MYCHAR == 'D')
 106   2              {
 107   3                  P1 = 0x09; // motor right,   #00001001B
 108   3              }
 109   2              else if(MYCHAR == 'Q')
 110   2              {
 111   3                  P1 = 0x00; // motor stop
 112   3              }
 113   2          }
 114   1      }
 115          
 116          void send_pulse(void) 
 117          {
C51 COMPILER V9.00   AUTOCARII                                                             05/18/2019 13:16:25 PAGE 3   

 118   1          TH0=0x00;
 119   1          TL0=0x00;
 120   1          trig=1;     //Sending trigger pulse P3^^5
 121   1          delayz(10); //Wait for about 10milliseconds 
 122   1          trig=0;     //Turn off trigger
 123   1      }
 124          
 125          unsigned int get_range(void)
 126          {
 127   1          long int timer_val;
 128   1          send_pulse();
 129   1          TR0=1;
 130   1          while(!echo); //Waiting until echo pulse is detected
 131   1          while(echo); //Waiting until echo pulse changes its state
 132   1          timer_val=(TH0<<8)+TL0;
 133   1          TR0=0;
 134   1          if(timer_val<38000)
 135   1          {
 136   2              cms=timer_val/59;
 137   2              if ((cms!=0)&&(cms<100))
 138   2              {
 139   3                  convert(cms);
 140   3                  updata();
 141   3              }
 142   2              else
 143   2              {
 144   3                  cms=99;
 145   3                  updata();
 146   3              }
 147   2          }
 148   1          else
 149   1          {
 150   2              cms=99;
 151   2              updata();
 152   2          }
 153   1          return cms;
 154   1      }
 155          void convert(unsigned int distance)
 156          {
 157   1          buf[3]=distance/1000;
 158   1          buf[2]=(distance%1000)/100;
 159   1          buf[1]=(distance%100)/10;
 160   1          buf[0]=distance%10;
 161   1      }
 162          void updata(void)
 163          {
 164   1          P2 = 0x0e;
 165   1          P0 = seg[buf[3]];
 166   1          delay(200);
 167   1          P2 = 0x0d;
 168   1          P0 = seg[buf[2]];
 169   1          delay(200);
 170   1          P2 = 0x0b;
 171   1          P0 = seg[buf[1]];
 172   1          delay(200);
 173   1          P2 = 0x07;
 174   1          P0 = seg[buf[0]];
 175   1          delay(200);
 176   1      }
 177          void delayz(unsigned int n)
 178          {
 179   1          unsigned char i;
C51 COMPILER V9.00   AUTOCARII                                                             05/18/2019 13:16:25 PAGE 4   

 180   1          for(n;n>0;n--)
 181   1          {
 182   2              for(i=250;i>0;i--);
 183   2              for(i=247;i>0;i--);
 184   2          }
 185   1      }
 186          void delay(unsigned int count)
 187          {
 188   1              unsigned int i;
 189   1              for(i = 0; i < count; i++);
 190   1      }


MODULE INFORMATION:   STATIC OVERLAYABLE
   CODE SIZE        =    509    ----
   CONSTANT SIZE    =   ----    ----
   XDATA SIZE       =   ----    ----
   PDATA SIZE       =   ----    ----
   DATA SIZE        =     21       4
   IDATA SIZE       =   ----    ----
   BIT SIZE         =   ----    ----
END OF MODULE INFORMATION.


C51 COMPILATION COMPLETE.  0 WARNING(S),  0 ERROR(S)
