C51 COMPILER V9.00   7DEG                                                                  03/07/2019 14:44:59 PAGE 1   


C51 COMPILER V9.00, COMPILATION OF MODULE 7DEG
OBJECT MODULE PLACED IN 7deg.OBJ
COMPILER INVOKED BY: D:\KEILC 4\C51\BIN\C51.EXE 7deg.c BROWSE DEBUG OBJECTEXTEND

line level    source

   1          #include"reg51.h"
   2          
   3          main()
   4          {
   5   1          void delay(unsigned int);
   6   1          char num;
   7   1          unsigned char seg[10] = {0xc0, 0xf9, 0xa4, 0xb0, 0x99, 0x92, 0x82, 0xf8, 0x80, 0x90};
   8   1      
   9   1          while(1)
  10   1          {
  11   2              for(num = 1; num < 10; num++)
  12   2              {
  13   3                  P1 = seg[num];
  14   3                  delay(50000);
  15   3              }
  16   2          }
  17   1          return 0;
  18   1      }
  19          
  20          void delay(unsigned int count)
  21          {
  22   1          unsigned int i;
  23   1          for(i = 0; i < count; i++);
  24   1      }


MODULE INFORMATION:   STATIC OVERLAYABLE
   CODE SIZE        =     68    ----
   CONSTANT SIZE    =     10    ----
   XDATA SIZE       =   ----    ----
   PDATA SIZE       =   ----    ----
   DATA SIZE        =   ----      11
   IDATA SIZE       =   ----    ----
   BIT SIZE         =   ----    ----
END OF MODULE INFORMATION.


C51 COMPILATION COMPLETE.  0 WARNING(S),  0 ERROR(S)
