C51 COMPILER V9.00   BLUETOOTH                                                             05/14/2019 13:23:34 PAGE 1   


C51 COMPILER V9.00, COMPILATION OF MODULE BLUETOOTH
OBJECT MODULE PLACED IN BlueTooth.OBJ
COMPILER INVOKED BY: D:\KEILC 4\C51\BIN\C51.EXE BlueTooth.c BROWSE DEBUG OBJECTEXTEND

line level    source

   1          #include "reg51.h"
   2          sbit LED1=0x90;
   3          sbit LED2=0x80;
   4          unsigned char j;
   5          void main(void)
   6          {
   7   1          void delay(unsigned int);
   8   1          unsigned char mychar;
   9   1      
  10   1          TMOD=0x20;
  11   1          TH1=0xFD;       //9600=12000000/(32x12x(256-x))
  12   1          SCON=0x50;      //01010000
  13   1          PCON = 0x00;
  14   1      
  15   1          for(j = 0 ; j < 3; j++)
  16   1          {
  17   2              LED1=0x00;
  18   2              delay(10000);
  19   2              LED1=0xff;
  20   2              delay(10000);
  21   2          }    
  22   1          TR1=1;
  23   1          while(1)
  24   1          {
  25   2              while(RI==0);
  26   2              mychar=SBUF;
  27   2              RI=0;
  28   2      
  29   2              LED1=0x00;
  30   2              delay(10000);
  31   2              LED1=0xff;
  32   2              delay(10000);
  33   2      
  34   2              if(mychar == 'A')
  35   2              {
  36   3                  LED2=0x00;
  37   3              }
  38   2              else if(mychar == 'a')
  39   2              {
  40   3                  LED2=0xFF;
  41   3              }
  42   2          }
  43   1      }
  44          
  45          void delay(unsigned int s)
  46          {
  47   1              unsigned int m;
  48   1              for(m=0;m<s;m++);
  49   1      }


MODULE INFORMATION:   STATIC OVERLAYABLE
   CODE SIZE        =     91    ----
   CONSTANT SIZE    =   ----    ----
   XDATA SIZE       =   ----    ----
C51 COMPILER V9.00   BLUETOOTH                                                             05/14/2019 13:23:34 PAGE 2   

   PDATA SIZE       =   ----    ----
   DATA SIZE        =      1       1
   IDATA SIZE       =   ----    ----
   BIT SIZE         =   ----    ----
END OF MODULE INFORMATION.


C51 COMPILATION COMPLETE.  0 WARNING(S),  0 ERROR(S)
