C51 COMPILER V9.00   7SEGBUTTON                                                            05/08/2019 13:53:31 PAGE 1   


C51 COMPILER V9.00, COMPILATION OF MODULE 7SEGBUTTON
OBJECT MODULE PLACED IN 7SEGBUTTON.OBJ
COMPILER INVOKED BY: D:\KEILC 4\C51\BIN\C51.EXE 7SEGBUTTON.c BROWSE DEBUG OBJECTEXTEND

line level    source

   1          #include "reg51.h"
   2          char one=0;
   3          char zero=0;
   4          unsigned char KeyTemp=0xff;
   5          unsigned char KeyData=0xff;
   6          unsigned char num=4;
   7          char seg[] = {
   8              0xc0, 0xf9, 0xa4, 0xb0, 0x99,
   9              0x92, 0x82, 0xf8, 0x80, 0x90};
  10          char buf[4] = {0, 0, 0, 0};
  11          
  12          main()
  13          {
  14   1          void KeypadScan(void);
  15   1          while(1)
  16   1          {
  17   2              KeypadScan();
  18   2              if(KeyData >= 0 && KeyData <= 9)
  19   2              {
  20   3                  buf[3]=buf[2];
  21   3                  buf[2]=buf[1];
  22   3                  buf[1]=buf[0];
  23   3                  buf[0]=KeyData;
  24   3                  KeyData=0xff;
  25   3              }
  26   2          }
  27   1      }
  28          
  29          void KeypadScan(void)
  30          {
  31   1          char col, row;
  32   1          char ScanLine=0x80;
  33   1          unsigned char key=0;
  34   1          unsigned char KeyStatus;
  35   1          for(col = 0; col < num; col++)
  36   1          {
  37   2              P1=0xff;
  38   2              P2=~ScanLine;
  39   2              KeyStatus=~P2;
  40   2              P1=seg[buf[num-col-1]];
  41   2              KeyStatus &= 0xf0;
  42   2              for(row = 0; row < 4; row++)
  43   2              {
  44   3                  if(KeyStatus == 0x80)
  45   3                  {
  46   4                      one=0;
  47   4                      if(KeyTemp != key)
  48   4                      {
  49   5                          KeyTemp=key;
  50   5                          zero=1;
  51   5                      }
  52   4                  }
  53   3                  else
  54   3                  {
  55   4                      if(zero < 5)
C51 COMPILER V9.00   7SEGBUTTON                                                            05/08/2019 13:53:31 PAGE 2   

  56   4                      {
  57   5                          zero += 1;
  58   5                          if(zero == 5)
  59   5                          {
  60   6                              KeyData = KeyTemp;
  61   6                          }
  62   5                      }
  63   4                  }
  64   3                  key += 1;
  65   3                  KeyStatus <<= 1;
  66   3              }
  67   2              ScanLine >>= 1;
  68   2          }
  69   1          one += 1;
  70   1          if(one == 5)
  71   1          {
  72   2              zero = 0;
  73   2              KeyTemp = 0xff;
  74   2              KeyData = 0xff;
  75   2          }
  76   1      }


MODULE INFORMATION:   STATIC OVERLAYABLE
   CODE SIZE        =    167    ----
   CONSTANT SIZE    =   ----    ----
   XDATA SIZE       =   ----    ----
   PDATA SIZE       =   ----    ----
   DATA SIZE        =     19       1
   IDATA SIZE       =   ----    ----
   BIT SIZE         =   ----    ----
END OF MODULE INFORMATION.


C51 COMPILATION COMPLETE.  0 WARNING(S),  0 ERROR(S)
